2017-02-13 12:14:13,409 [Worker-4] INFO  o.e.m.c.i.l.LifecycleMappingFactory - Using org.eclipse.m2e.jdt.JarLifecycleMapping lifecycle mapping for MavenProject: net.foreveryong:html-file-query:0.0.1-SNAPSHOT @ /home/yong/git/databaser1/html-file-query/html-file-query/pom.xml.
2017-02-13 12:14:15,463 [Worker-4] INFO  o.e.m.j.i.AbstractJavaProjectConfigurator - Adding source folder /html-file-query/src/main/java
2017-02-13 12:14:15,464 [Worker-4] INFO  o.e.m.j.i.AbstractJavaProjectConfigurator - Adding resource folder /html-file-query/src/main/resources
2017-02-13 12:14:15,481 [Worker-4] INFO  o.e.m.j.i.AbstractJavaProjectConfigurator - Adding resource folder /html-file-query/src/main/resources
2017-02-13 12:14:15,501 [Worker-4] INFO  o.e.m.j.i.AbstractJavaProjectConfigurator - Adding source folder /html-file-query/src/test/java
2017-02-13 12:14:16,266 [Worker-4] INFO  o.e.m.c.i.p.ProjectConfigurationManager - Imported and configured 1 project(s) in 5 sec
2017-02-13 12:14:16,273 [Worker-4] INFO  o.e.m.c.i.p.ProjectConfigurationManager - Update started
2017-02-13 12:14:16,890 [Worker-4] INFO  o.e.m.c.i.l.LifecycleMappingFactory - Using org.eclipse.m2e.jdt.JarLifecycleMapping lifecycle mapping for MavenProject: net.foreveryong:html-file-query:0.0.1-SNAPSHOT @ /home/yong/git/databaser1/html-file-query/html-file-query/pom.xml.
2017-02-13 12:14:17,658 [Worker-4] INFO  o.e.m.j.i.AbstractJavaProjectConfigurator - Adding source folder /html-file-query/src/main/java
2017-02-13 12:14:17,658 [Worker-4] INFO  o.e.m.j.i.AbstractJavaProjectConfigurator - Adding resource folder /html-file-query/src/main/resources
2017-02-13 12:14:17,665 [Worker-4] INFO  o.e.m.j.i.AbstractJavaProjectConfigurator - Adding resource folder /html-file-query/src/main/resources
2017-02-13 12:14:17,676 [Worker-4] INFO  o.e.m.j.i.AbstractJavaProjectConfigurator - Adding source folder /html-file-query/src/test/java
2017-02-13 12:14:18,591 [Worker-4] INFO  o.e.m.c.i.p.ProjectConfigurationManager - Update completed: 2 sec
2017-02-13 12:14:25,584 [Worker-21] INFO  o.e.m.c.i.embedder.EclipseLogger - Using 'UTF-8' encoding to copy filtered resources.
2017-02-13 12:14:25,591 [Worker-21] INFO  o.e.m.c.i.embedder.EclipseLogger - Copying 1 resource
2017-02-13 12:14:25,607 [Worker-21] INFO  o.e.m.c.i.embedder.EclipseLogger - Copying 0 resource
2017-02-13 12:14:25,612 [Worker-21] INFO  o.e.m.c.i.embedder.EclipseLogger - Using 'UTF-8' encoding to copy filtered resources.
2017-02-13 12:14:25,612 [Worker-21] INFO  o.e.m.c.i.embedder.EclipseLogger - skip non existing resourceDirectory /home/yong/git/databaser1/html-file-query/html-file-query/src/test/resources
2017-02-13 12:14:27,613 [Worker-4] INFO  o.e.m.c.i.embedder.EclipseLogger - Using 'UTF-8' encoding to copy filtered resources.
2017-02-13 12:14:27,616 [Worker-4] INFO  o.e.m.c.i.embedder.EclipseLogger - Copying 0 resource
2017-02-13 12:14:27,617 [Worker-4] INFO  o.e.m.c.i.embedder.EclipseLogger - Copying 0 resource
2017-02-13 12:14:27,620 [Worker-4] INFO  o.e.m.c.i.embedder.EclipseLogger - Using 'UTF-8' encoding to copy filtered resources.
2017-02-13 12:14:27,621 [Worker-4] INFO  o.e.m.c.i.embedder.EclipseLogger - skip non existing resourceDirectory /home/yong/git/databaser1/html-file-query/html-file-query/src/test/resources
